<?xml version="1.0" encoding="UTF-8"?>
<!-- Generated by org.testng.reporters.JUnitXMLReporter -->
<testsuite ignored="0" hostname="DESKTOP-H41JRIE" failures="0" tests="4" name="Default test" time="44.842" errors="0" timestamp="2025-07-24T13:21:43 IST">
  <testcase classname="com.orangehrm.testCases.AdminTests" name="verifyMenuCount" time="2.821"/>
  <testcase classname="com.orangehrm.testCases.AdminTests" name="searchByUsername" time="6.535"/>
  <testcase classname="com.orangehrm.testCases.AdminTests" name="searchByUserRole" time="6.357"/>
  <testcase classname="com.orangehrm.testCases.AdminTests" name="searchByStatus" time="6.215"/>
</testsuite> <!-- Default test -->
